{"name": "test_create_order_counter_today_increase", "status": "broken", "statusDetails": {"message": "selenium.common.exceptions.ElementClickInterceptedException: Message: element click intercepted: Element <button class=\"button_button__33qZ0 button_button_type_primary__1O7Bx button_button_size_large__G21Vg\">...</button> is not clickable at point (847, 488). Other element would receive the click: <div class=\"Modal_modal_overlay__x2ZCr\"></div>\n  (Session info: chrome=128.0.6613.119)\nStacktrace:\n\tGetHandleVerifier [0x00007FF68E12B5D2+29090]\n\t(No symbol) [0x00007FF68E09E689]\n\t(No symbol) [0x00007FF68DF5B1CA]\n\t(No symbol) [0x00007FF68DFB6C0E]\n\t(No symbol) [0x00007FF68DFB4682]\n\t(No symbol) [0x00007FF68DFB1B9B]\n\t(No symbol) [0x00007FF68DFB0DB5]\n\t(No symbol) [0x00007FF68DFA2D61]\n\t(No symbol) [0x00007FF68DFD66EA]\n\t(No symbol) [0x00007FF68DFA26A6]\n\t(No symbol) [0x00007FF68DFD6900]\n\t(No symbol) [0x00007FF68DFF65D9]\n\t(No symbol) [0x00007FF68DFD6493]\n\t(No symbol) [0x00007FF68DFA09B1]\n\t(No symbol) [0x00007FF68DFA1B11]\n\tGetHandleVerifier [0x00007FF68E448C5D+3295277]\n\tGetHandleVerifier [0x00007FF68E494843+3605523]\n\tGetHandleVerifier [0x00007FF68E48A707+3564247]\n\tGetHandleVerifier [0x00007FF68E1E6EB6+797318]\n\t(No symbol) [0x00007FF68E0A980F]\n\t(No symbol) [0x00007FF68E0A53F4]\n\t(No symbol) [0x00007FF68E0A5580]\n\t(No symbol) [0x00007FF68E094A1F]\n\tBaseThreadInitThunk [0x00007FFF0F1A7374+20]\n\tRtlUserThreadStart [0x00007FFF1117CC91+33]", "trace": "self = <test_order_feed.TestOrderFeed object at 0x00000299D3B75D00>, driver = <selenium.webdriver.chrome.webdriver.WebDriver (session=\"12daf252639e24784a853e5389d65808\")>\n\n    @allure.description('При создании нового заказа счётчик \"Выполнено за сегодня\" увеличивается')\n    def test_create_order_counter_today_increase(self, driver):\n        login_page = LoginPage(driver)\n        main_page = MainPage(driver)\n        order_feed_page = OrderFeedPage(driver)\n    \n        login_page.log_in_user()\n        main_page.click_personal_account()\n>       main_page.write_up_order()\n\ntests\\test_order_feed.py:68: \n_ _ _ _ _ _ _ _ _ _ _ _ _ _ _ _ _ _ _ _ _ _ _ _ _ _ _ _ _ _ _ _ _ _ _ _ _ _ _ _ _ _ _ _ _ _ _ _ _ _ _ _ _ _ _ _ _ _ _ _ _ _ _ _ _ _ _ _ _ _ _ _ _ _ _ _ _ _ _ _ _ _ _ _ _ _ _ _ _ _ _ _ _ _ _ _ _ _ _ _ _ _ _ _ _ _ _ _ _ _ _ _ _ _ _ _\npages\\main_page.py:77: in write_up_order\n    write_up_order.click()\n.venv\\Lib\\site-packages\\selenium\\webdriver\\remote\\webelement.py:94: in click\n    self._execute(Command.CLICK_ELEMENT)\n.venv\\Lib\\site-packages\\selenium\\webdriver\\remote\\webelement.py:395: in _execute\n    return self._parent.execute(command, params)\n.venv\\Lib\\site-packages\\selenium\\webdriver\\remote\\webdriver.py:354: in execute\n    self.error_handler.check_response(response)\n_ _ _ _ _ _ _ _ _ _ _ _ _ _ _ _ _ _ _ _ _ _ _ _ _ _ _ _ _ _ _ _ _ _ _ _ _ _ _ _ _ _ _ _ _ _ _ _ _ _ _ _ _ _ _ _ _ _ _ _ _ _ _ _ _ _ _ _ _ _ _ _ _ _ _ _ _ _ _ _ _ _ _ _ _ _ _ _ _ _ _ _ _ _ _ _ _ _ _ _ _ _ _ _ _ _ _ _ _ _ _ _ _ _ _ _\n\nself = <selenium.webdriver.remote.errorhandler.ErrorHandler object at 0x00000299D3C52D80>\nresponse = {'status': 400, 'value': '{\"value\":{\"error\":\"element click intercepted\",\"message\":\"element click intercepted: Element ...07FF68E094A1F]\\\\n\\\\tBaseThreadInitThunk [0x00007FFF0F1A7374+20]\\\\n\\\\tRtlUserThreadStart [0x00007FFF1117CC91+33]\\\\n\"}}'}\n\n    def check_response(self, response: Dict[str, Any]) -> None:\n        \"\"\"Checks that a JSON response from the WebDriver does not have an\n        error.\n    \n        :Args:\n         - response - The JSON response from the WebDriver server as a dictionary\n           object.\n    \n        :Raises: If the response contains an error message.\n        \"\"\"\n        status = response.get(\"status\", None)\n        if not status or status == ErrorCode.SUCCESS:\n            return\n        value = None\n        message = response.get(\"message\", \"\")\n        screen: str = response.get(\"screen\", \"\")\n        stacktrace = None\n        if isinstance(status, int):\n            value_json = response.get(\"value\", None)\n            if value_json and isinstance(value_json, str):\n                import json\n    \n                try:\n                    value = json.loads(value_json)\n                    if len(value) == 1:\n                        value = value[\"value\"]\n                    status = value.get(\"error\", None)\n                    if not status:\n                        status = value.get(\"status\", ErrorCode.UNKNOWN_ERROR)\n                        message = value.get(\"value\") or value.get(\"message\")\n                        if not isinstance(message, str):\n                            value = message\n                            message = message.get(\"message\")\n                    else:\n                        message = value.get(\"message\", None)\n                except ValueError:\n                    pass\n    \n        exception_class: Type[WebDriverException]\n        e = ErrorCode()\n        error_codes = [item for item in dir(e) if not item.startswith(\"__\")]\n        for error_code in error_codes:\n            error_info = getattr(ErrorCode, error_code)\n            if isinstance(error_info, list) and status in error_info:\n                exception_class = getattr(ExceptionMapping, error_code, WebDriverException)\n                break\n        else:\n            exception_class = WebDriverException\n    \n        if not value:\n            value = response[\"value\"]\n        if isinstance(value, str):\n            raise exception_class(value)\n        if message == \"\" and \"message\" in value:\n            message = value[\"message\"]\n    \n        screen = None  # type: ignore[assignment]\n        if \"screen\" in value:\n            screen = value[\"screen\"]\n    \n        stacktrace = None\n        st_value = value.get(\"stackTrace\") or value.get(\"stacktrace\")\n        if st_value:\n            if isinstance(st_value, str):\n                stacktrace = st_value.split(\"\\n\")\n            else:\n                stacktrace = []\n                try:\n                    for frame in st_value:\n                        line = frame.get(\"lineNumber\", \"\")\n                        file = frame.get(\"fileName\", \"<anonymous>\")\n                        if line:\n                            file = f\"{file}:{line}\"\n                        meth = frame.get(\"methodName\", \"<anonymous>\")\n                        if \"className\" in frame:\n                            meth = f\"{frame['className']}.{meth}\"\n                        msg = \"    at %s (%s)\"\n                        msg = msg % (meth, file)\n                        stacktrace.append(msg)\n                except TypeError:\n                    pass\n        if exception_class == UnexpectedAlertPresentException:\n            alert_text = None\n            if \"data\" in value:\n                alert_text = value[\"data\"].get(\"text\")\n            elif \"alert\" in value:\n                alert_text = value[\"alert\"].get(\"text\")\n            raise exception_class(message, screen, stacktrace, alert_text)  # type: ignore[call-arg]  # mypy is not smart enough here\n>       raise exception_class(message, screen, stacktrace)\nE       selenium.common.exceptions.ElementClickInterceptedException: Message: element click intercepted: Element <button class=\"button_button__33qZ0 button_button_type_primary__1O7Bx button_button_size_large__G21Vg\">...</button> is not clickable at point (847, 488). Other element would receive the click: <div class=\"Modal_modal_overlay__x2ZCr\"></div>\nE         (Session info: chrome=128.0.6613.119)\nE       Stacktrace:\nE       \tGetHandleVerifier [0x00007FF68E12B5D2+29090]\nE       \t(No symbol) [0x00007FF68E09E689]\nE       \t(No symbol) [0x00007FF68DF5B1CA]\nE       \t(No symbol) [0x00007FF68DFB6C0E]\nE       \t(No symbol) [0x00007FF68DFB4682]\nE       \t(No symbol) [0x00007FF68DFB1B9B]\nE       \t(No symbol) [0x00007FF68DFB0DB5]\nE       \t(No symbol) [0x00007FF68DFA2D61]\nE       \t(No symbol) [0x00007FF68DFD66EA]\nE       \t(No symbol) [0x00007FF68DFA26A6]\nE       \t(No symbol) [0x00007FF68DFD6900]\nE       \t(No symbol) [0x00007FF68DFF65D9]\nE       \t(No symbol) [0x00007FF68DFD6493]\nE       \t(No symbol) [0x00007FF68DFA09B1]\nE       \t(No symbol) [0x00007FF68DFA1B11]\nE       \tGetHandleVerifier [0x00007FF68E448C5D+3295277]\nE       \tGetHandleVerifier [0x00007FF68E494843+3605523]\nE       \tGetHandleVerifier [0x00007FF68E48A707+3564247]\nE       \tGetHandleVerifier [0x00007FF68E1E6EB6+797318]\nE       \t(No symbol) [0x00007FF68E0A980F]\nE       \t(No symbol) [0x00007FF68E0A53F4]\nE       \t(No symbol) [0x00007FF68E0A5580]\nE       \t(No symbol) [0x00007FF68E094A1F]\nE       \tBaseThreadInitThunk [0x00007FFF0F1A7374+20]\nE       \tRtlUserThreadStart [0x00007FFF1117CC91+33]\n\n.venv\\Lib\\site-packages\\selenium\\webdriver\\remote\\errorhandler.py:229: ElementClickInterceptedException"}, "description": "При создании нового заказа счётчик \"Выполнено за сегодня\" увеличивается", "steps": [{"name": "Авторизация пользователя", "status": "passed", "steps": [{"name": "Открытие страницы Личный кабинет", "status": "passed", "steps": [{"name": "Открыть страницу", "status": "passed", "parameters": [{"name": "url", "value": "'https://stellarburgers.nomoreparties.site/login'"}], "start": 1725470960811, "stop": 1725470962375}], "start": 1725470960811, "stop": 1725470962375}, {"name": "Заполнить поле Email", "status": "passed", "steps": [{"name": "Подождать и найти элемент", "status": "passed", "parameters": [{"name": "locator", "value": "('xpath', \".//input[@name='name']\")"}], "start": 1725470962376, "stop": 1725470962480}], "start": 1725470962375, "stop": 1725470962727}, {"name": "Заполнить поле Пароль", "status": "passed", "steps": [{"name": "Подождать и найти элемент", "status": "passed", "parameters": [{"name": "locator", "value": "('xpath', \".//input[@name='Пароль']\")"}], "start": 1725470962728, "stop": 1725470962930}], "start": 1725470962727, "stop": 1725470963074}, {"name": "Клик на кнопку Войти", "status": "passed", "steps": [{"name": "Подождать и найти элемент", "status": "passed", "parameters": [{"name": "locator", "value": "('xpath', \".//button[text()='Войти']\")"}], "start": 1725470963075, "stop": 1725470963155}], "start": 1725470963075, "stop": 1725470963259}], "start": 1725470960811, "stop": 1725470963259}, {"name": "Клик по кнопке Личный кабинет", "status": "passed", "steps": [{"name": "Подождать и найти элемент", "status": "passed", "parameters": [{"name": "locator", "value": "('xpath', \".//p[text()='Личный Кабинет']\")"}], "start": 1725470963259, "stop": 1725470963311}], "start": 1725470963259, "stop": 1725470964109}, {"name": "Создание заказа", "status": "broken", "statusDetails": {"message": "selenium.common.exceptions.ElementClickInterceptedException: Message: element click intercepted: Element <button class=\"button_button__33qZ0 button_button_type_primary__1O7Bx button_button_size_large__G21Vg\">...</button> is not clickable at point (847, 488). Other element would receive the click: <div class=\"Modal_modal_overlay__x2ZCr\"></div>\n  (Session info: chrome=128.0.6613.119)\nStacktrace:\n\tGetHandleVerifier [0x00007FF68E12B5D2+29090]\n\t(No symbol) [0x00007FF68E09E689]\n\t(No symbol) [0x00007FF68DF5B1CA]\n\t(No symbol) [0x00007FF68DFB6C0E]\n\t(No symbol) [0x00007FF68DFB4682]\n\t(No symbol) [0x00007FF68DFB1B9B]\n\t(No symbol) [0x00007FF68DFB0DB5]\n\t(No symbol) [0x00007FF68DFA2D61]\n\t(No symbol) [0x00007FF68DFD66EA]\n\t(No symbol) [0x00007FF68DFA26A6]\n\t(No symbol) [0x00007FF68DFD6900]\n\t(No symbol) [0x00007FF68DFF65D9]\n\t(No symbol) [0x00007FF68DFD6493]\n\t(No symbol) [0x00007FF68DFA09B1]\n\t(No symbol) [0x00007FF68DFA1B11]\n\tGetHandleVerifier [0x00007FF68E448C5D+3295277]\n\tGetHandleVerifier [0x00007FF68E494843+3605523]\n\tGetHandleVerifier [0x00007FF68E48A707+3564247]\n\tGetHandleVerifier [0x00007FF68E1E6EB6+797318]\n\t(No symbol) [0x00007FF68E0A980F]\n\t(No symbol) [0x00007FF68E0A53F4]\n\t(No symbol) [0x00007FF68E0A5580]\n\t(No symbol) [0x00007FF68E094A1F]\n\tBaseThreadInitThunk [0x00007FFF0F1A7374+20]\n\tRtlUserThreadStart [0x00007FFF1117CC91+33]\n\n", "trace": "  File \"C:\\Users\\olga\\PycharmProjects\\Diplom\\Diplom_3\\.venv\\Lib\\site-packages\\allure_commons\\_allure.py\", line 192, in impl\n    return func(*a, **kw)\n           ^^^^^^^^^^^^^^\n  File \"C:\\Users\\olga\\PycharmProjects\\Diplom\\Diplom_3\\pages\\main_page.py\", line 77, in write_up_order\n    write_up_order.click()\n  File \"C:\\Users\\olga\\PycharmProjects\\Diplom\\Diplom_3\\.venv\\Lib\\site-packages\\selenium\\webdriver\\remote\\webelement.py\", line 94, in click\n    self._execute(Command.CLICK_ELEMENT)\n  File \"C:\\Users\\olga\\PycharmProjects\\Diplom\\Diplom_3\\.venv\\Lib\\site-packages\\selenium\\webdriver\\remote\\webelement.py\", line 395, in _execute\n    return self._parent.execute(command, params)\n           ^^^^^^^^^^^^^^^^^^^^^^^^^^^^^^^^^^^^^\n  File \"C:\\Users\\olga\\PycharmProjects\\Diplom\\Diplom_3\\.venv\\Lib\\site-packages\\selenium\\webdriver\\remote\\webdriver.py\", line 354, in execute\n    self.error_handler.check_response(response)\n  File \"C:\\Users\\olga\\PycharmProjects\\Diplom\\Diplom_3\\.venv\\Lib\\site-packages\\selenium\\webdriver\\remote\\errorhandler.py\", line 229, in check_response\n    raise exception_class(message, screen, stacktrace)\n"}, "steps": [{"name": "Открытие страницы Stellar burgers", "status": "passed", "steps": [{"name": "Открыть страницу", "status": "passed", "parameters": [{"name": "url", "value": "'https://stellarburgers.nomoreparties.site/'"}], "start": 1725470964110, "stop": 1725470964452}], "start": 1725470964110, "stop": 1725470964452}, {"name": "Добавить ингредиент в Конструктор", "status": "passed", "steps": [{"name": "Подождать и найти элемент", "status": "passed", "parameters": [{"name": "locator", "value": "('xpath', \".//img[@alt = 'Флюоресцентная булка R2-D3']/preceding-sibling::div/p\")"}], "start": 1725470964452, "stop": 1725470965264}, {"name": "Подождать и найти элемент", "status": "passed", "parameters": [{"name": "locator", "value": "('xpath', \".//section[contains(@class, 'BurgerConstructor_basket')]\")"}], "start": 1725470965265, "stop": 1725470965304}, {"name": "Переместить элемент", "status": "passed", "parameters": [{"name": "element", "value": "<selenium.webdriver.remote.webelement.WebElement (session=\"12daf252639e24784a853e5389d65808\", element=\"f.62802551E13C84B8895B14038743B475.d.0A9480495F67FA7D1DD39FC71E06B587.e.59\")>"}, {"name": "target", "value": "<selenium.webdriver.remote.webelement.WebElement (session=\"12daf252639e24784a853e5389d65808\", element=\"f.62802551E13C84B8895B14038743B475.d.0A9480495F67FA7D1DD39FC71E06B587.e.60\")>"}], "start": 1725470965305, "stop": 1725470975885}], "start": 1725470964452, "stop": 1725470975886}, {"name": "Подождать и найти элемент", "status": "passed", "parameters": [{"name": "locator", "value": "('xpath', \".//button[text() = 'Оформить заказ']\")"}], "start": 1725470975886, "stop": 1725470975919}], "start": 1725470964109, "stop": 1725470977119}], "start": 1725470960810, "stop": 1725470977129, "uuid": "a0f44b94-61f6-4973-a70e-204c9cdaeca3", "historyId": "dad523d8d3f3413b1f2e4af99dd4a685", "testCaseId": "dad523d8d3f3413b1f2e4af99dd4a685", "fullName": "tests.test_order_feed.TestOrderFeed#test_create_order_counter_today_increase", "labels": [{"name": "parentSuite", "value": "tests"}, {"name": "suite", "value": "test_order_feed"}, {"name": "subSuite", "value": "TestOrderFeed"}, {"name": "host", "value": "DESKTOP-MJ06UFI"}, {"name": "thread", "value": "11896-MainThread"}, {"name": "framework", "value": "pytest"}, {"name": "language", "value": "cpython3"}, {"name": "package", "value": "tests.test_order_feed"}]}